[INFO] Scanning for projects...
[INFO] 
[INFO] ------------< pe.edu.vallegrande:vg-ms-inventory-purchases >------------
[INFO] Building vg-ms-inventory-purchases 0.0.1-SNAPSHOT
[INFO]   from pom.xml
[INFO] --------------------------------[ jar ]---------------------------------
[INFO] 
[INFO] >>> spring-boot:3.4.0:run (default-cli) > test-compile @ vg-ms-inventory-purchases >>>
[INFO] 
[INFO] --- resources:3.3.1:resources (default-resources) @ vg-ms-inventory-purchases ---
[INFO] Copying 3 resources from src\main\resources to target\classes
[INFO] Copying 6 resources from src\main\resources to target\classes
[INFO] 
[INFO] --- compiler:3.13.0:compile (default-compile) @ vg-ms-inventory-purchases ---
[INFO] Nothing to compile - all classes are up to date.
[INFO] 
[INFO] --- resources:3.3.1:testResources (default-testResources) @ vg-ms-inventory-purchases ---
[INFO] skip non existing resourceDirectory C:\Users\IK\Desktop\Microservicios\vg-ms-inventory-purchases\src\test\resources
[INFO] 
[INFO] --- compiler:3.13.0:testCompile (default-testCompile) @ vg-ms-inventory-purchases ---
[INFO] Nothing to compile - all classes are up to date.
[INFO] 
[INFO] <<< spring-boot:3.4.0:run (default-cli) < test-compile @ vg-ms-inventory-purchases <<<
[INFO] 
[INFO] 
[INFO] --- spring-boot:3.4.0:run (default-cli) @ vg-ms-inventory-purchases ---
[INFO] Attaching agents: []

  .   ____          _            __ _ _
 /\\ / ___'_ __ _ _(_)_ __  __ _ \ \ \ \
( ( )\___ | '_ | '_| | '_ \/ _` | \ \ \ \
 \\/  ___)| |_)| | | | | || (_| |  ) ) ) )
  '  |____| .__|_| |_|_| |_\__, | / / / /
 =========|_|==============|___/=/_/_/_/

 :: Spring Boot ::                (v3.4.0)

2025-12-03T08:19:35.220-05:00  INFO 8340 --- [vg-ms-inventory-purchases] [           main] .e.v.v.VgMsInventoryPurchasesApplication : Starting VgMsInventoryPurchasesApplication using Java 17.0.12 with PID 8340 (C:\Users\IK\Desktop\Microservicios\vg-ms-inventory-purchases\target\classes started by Usuario in C:\Users\IK\Desktop\Microservicios\vg-ms-inventory-purchases)
2025-12-03T08:19:35.222-05:00 DEBUG 8340 --- [vg-ms-inventory-purchases] [           main] .e.v.v.VgMsInventoryPurchasesApplication : Running with Spring Boot v3.4.0, Spring v6.2.0
2025-12-03T08:19:35.222-05:00  INFO 8340 --- [vg-ms-inventory-purchases] [           main] .e.v.v.VgMsInventoryPurchasesApplication : The following 1 profile is active: "dev"
2025-12-03T08:19:35.679-05:00  INFO 8340 --- [vg-ms-inventory-purchases] [           main] .s.d.r.c.RepositoryConfigurationDelegate : Bootstrapping Spring Data R2DBC repositories in DEFAULT mode.
2025-12-03T08:19:35.806-05:00  INFO 8340 --- [vg-ms-inventory-purchases] [           main] .s.d.r.c.RepositoryConfigurationDelegate : Finished Spring Data repository scanning in 123 ms. Found 6 R2DBC repository interfaces.
2025-12-03T08:19:36.817-05:00  INFO 8340 --- [vg-ms-inventory-purchases] [           main] f.a.AutowiredAnnotationBeanPostProcessor : Inconsistent constructor declaration on bean with name '_reactiveMethodSecurityConfiguration': single autowire-marked constructor flagged as optional - this constructor is effectively required since there is no default constructor to fall back to: org.springframework.security.config.annotation.method.configuration.ReactiveAuthorizationManagerMethodSecurityConfiguration(org.springframework.security.access.expression.method.MethodSecurityExpressionHandler,org.springframework.beans.factory.ObjectProvider,org.springframework.beans.factory.ObjectProvider)
2025-12-03T08:19:37.109-05:00  INFO 8340 --- [vg-ms-inventory-purchases] [           main] o.s.b.web.embedded.netty.NettyWebServer  : Netty started on port 8088 (http)
2025-12-03T08:19:37.119-05:00  INFO 8340 --- [vg-ms-inventory-purchases] [           main] .e.v.v.VgMsInventoryPurchasesApplication : Started VgMsInventoryPurchasesApplication in 2.207 seconds (process running for 2.433)
